# JRE version: OpenJDK Runtime Environment (8.0_121-b13) (build 1.8.0_121-8u121-b13-0ubuntu1.16.04.2-b13)
# Java VM: OpenJDK 64-Bit Server VM (25.121-b13 mixed mode linux-amd64 compressed oops)
Heap:
 PSYoungGen      total 34304K, used 2542K [0x00000000ebc00000, 0x00000000ee000000, 0x0000000100000000)
  eden space 31744K, 0% used [0x00000000ebc00000,0x00000000ebc00000,0x00000000edb00000)
  from space 2560K, 99% used [0x00000000edb00000,0x00000000edd7b860,0x00000000edd80000)
  to   space 2560K, 0% used [0x00000000edd80000,0x00000000edd80000,0x00000000ee000000)
 ParOldGen       total 42496K, used 14277K [0x00000000c3400000, 0x00000000c5d80000, 0x00000000ebc00000)
  object space 42496K, 33% used [0x00000000c3400000,0x00000000c41f1508,0x00000000c5d80000)
 Metaspace       used 20704K, capacity 21594K, committed 21628K, reserved 1069056K
  class space    used 2654K, capacity 2864K, committed 2864K, reserved 1048576K
GC Heap History (9 events):
Event: 7,962 GC heap before
{Heap before GC invocations=1 (full 0):
 PSYoungGen      total 18432K, used 15160K [0x00000000ebc00000, 0x00000000ed080000, 0x0000000100000000)
  eden space 15872K, 95% used [0x00000000ebc00000,0x00000000ecace1b0,0x00000000ecb80000)
  from space 2560K, 0% used [0x00000000ece00000,0x00000000ece00000,0x00000000ed080000)
  to   space 2560K, 0% used [0x00000000ecb80000,0x00000000ecb80000,0x00000000ece00000)
 ParOldGen       total 42496K, used 0K [0x00000000c3400000, 0x00000000c5d80000, 0x00000000ebc00000)
  object space 42496K, 0% used [0x00000000c3400000,0x00000000c3400000,0x00000000c5d80000)
 Metaspace       used 12235K, capacity 12578K, committed 12800K, reserved 1060864K
  class space    used 1347K, capacity 1484K, committed 1536K, reserved 1048576K
Event: 7,975 GC heap after
Heap after GC invocations=1 (full 0):
 PSYoungGen      total 18432K, used 2544K [0x00000000ebc00000, 0x00000000ed080000, 0x0000000100000000)
  eden space 15872K, 0% used [0x00000000ebc00000,0x00000000ebc00000,0x00000000ecb80000)
  from space 2560K, 99% used [0x00000000ecb80000,0x00000000ecdfc0b8,0x00000000ece00000)
  to   space 2560K, 0% used [0x00000000ece00000,0x00000000ece00000,0x00000000ed080000)
 ParOldGen       total 42496K, used 1640K [0x00000000c3400000, 0x00000000c5d80000, 0x00000000ebc00000)
  object space 42496K, 3% used [0x00000000c3400000,0x00000000c359a088,0x00000000c5d80000)
 Metaspace       used 12235K, capacity 12578K, committed 12800K, reserved 1060864K
  class space    used 1347K, capacity 1484K, committed 1536K, reserved 1048576K
}
Event: 8,493 GC heap before
{Heap before GC invocations=2 (full 0):
 PSYoungGen      total 18432K, used 18416K [0x00000000ebc00000, 0x00000000ed080000, 0x0000000100000000)
  eden space 15872K, 100% used [0x00000000ebc00000,0x00000000ecb80000,0x00000000ecb80000)
  from space 2560K, 99% used [0x00000000ecb80000,0x00000000ecdfc0b8,0x00000000ece00000)
  to   space 2560K, 0% used [0x00000000ece00000,0x00000000ece00000,0x00000000ed080000)
 ParOldGen       total 42496K, used 1640K [0x00000000c3400000, 0x00000000c5d80000, 0x00000000ebc00000)
  object space 42496K, 3% used [0x00000000c3400000,0x00000000c359a088,0x00000000c5d80000)
 Metaspace       used 15995K, capacity 16646K, committed 16896K, reserved 1064960K
  class space    used 2048K, capacity 2208K, committed 2304K, reserved 1048576K
Event: 8,521 GC heap after
Heap after GC invocations=2 (full 0):
 PSYoungGen      total 18432K, used 2552K [0x00000000ebc00000, 0x00000000ee000000, 0x0000000100000000)
  eden space 15872K, 0% used [0x00000000ebc00000,0x00000000ebc00000,0x00000000ecb80000)
  from space 2560K, 99% used [0x00000000ece00000,0x00000000ed07e0d8,0x00000000ed080000)
  to   space 2560K, 0% used [0x00000000ecb80000,0x00000000ecb80000,0x00000000ece00000)
 ParOldGen       total 42496K, used 6050K [0x00000000c3400000, 0x00000000c5d80000, 0x00000000ebc00000)
  object space 42496K, 14% used [0x00000000c3400000,0x00000000c39e89f0,0x00000000c5d80000)
 Metaspace       used 15995K, capacity 16646K, committed 16896K, reserved 1064960K
  class space    used 2048K, capacity 2208K, committed 2304K, reserved 1048576K
}
Event: 10,860 GC heap before
{Heap before GC invocations=3 (full 0):
 PSYoungGen      total 18432K, used 18424K [0x00000000ebc00000, 0x00000000ee000000, 0x0000000100000000)
  eden space 15872K, 100% used [0x00000000ebc00000,0x00000000ecb80000,0x00000000ecb80000)
  from space 2560K, 99% used [0x00000000ece00000,0x00000000ed07e0d8,0x00000000ed080000)
  to   space 2560K, 0% used [0x00000000ecb80000,0x00000000ecb80000,0x00000000ece00000)
 ParOldGen       total 42496K, used 6050K [0x00000000c3400000, 0x00000000c5d80000, 0x00000000ebc00000)
  object space 42496K, 14% used [0x00000000c3400000,0x00000000c39e89f0,0x00000000c5d80000)
 Metaspace       used 20199K, capacity 21038K, committed 21248K, reserved 1067008K
  class space    used 2609K, capacity 2814K, committed 2816K, reserved 1048576K
Event: 10,869 GC heap after
Heap after GC invocations=3 (full 0):
 PSYoungGen      total 18432K, used 2547K [0x00000000ebc00000, 0x00000000ee000000, 0x0000000100000000)
  eden space 15872K, 0% used [0x00000000ebc00000,0x00000000ebc00000,0x00000000ecb80000)
  from space 2560K, 99% used [0x00000000ecb80000,0x00000000ecdfceb8,0x00000000ece00000)
  to   space 2560K, 0% used [0x00000000edd80000,0x00000000edd80000,0x00000000ee000000)
 ParOldGen       total 42496K, used 11086K [0x00000000c3400000, 0x00000000c5d80000, 0x00000000ebc00000)
  object space 42496K, 26% used [0x00000000c3400000,0x00000000c3ed3a38,0x00000000c5d80000)
 Metaspace       used 20199K, capacity 21038K, committed 21248K, reserved 1067008K
  class space    used 2609K, capacity 2814K, committed 2816K, reserved 1048576K
}
Event: 11,106 GC heap before
{Heap before GC invocations=4 (full 0):
 PSYoungGen      total 18432K, used 3656K [0x00000000ebc00000, 0x00000000ee000000, 0x0000000100000000)
  eden space 15872K, 6% used [0x00000000ebc00000,0x00000000ebd154d0,0x00000000ecb80000)
  from space 2560K, 99% used [0x00000000ecb80000,0x00000000ecdfceb8,0x00000000ece00000)
  to   space 2560K, 0% used [0x00000000edd80000,0x00000000edd80000,0x00000000ee000000)
 ParOldGen       total 42496K, used 11086K [0x00000000c3400000, 0x00000000c5d80000, 0x00000000ebc00000)
  object space 42496K, 26% used [0x00000000c3400000,0x00000000c3ed3a38,0x00000000c5d80000)
 Metaspace       used 20397K, capacity 21290K, committed 21552K, reserved 1069056K
  class space    used 2632K, capacity 2854K, committed 2864K, reserved 1048576K
Event: 11,112 GC heap after
Heap after GC invocations=4 (full 0):
 PSYoungGen      total 34304K, used 2540K [0x00000000ebc00000, 0x00000000ee000000, 0x0000000100000000)
  eden space 31744K, 0% used [0x00000000ebc00000,0x00000000ebc00000,0x00000000edb00000)
  from space 2560K, 99% used [0x00000000edd80000,0x00000000edffb080,0x00000000ee000000)
  to   space 2560K, 0% used [0x00000000edb00000,0x00000000edb00000,0x00000000edd80000)
 ParOldGen       total 42496K, used 11316K [0x00000000c3400000, 0x00000000c5d80000, 0x00000000ebc00000)
  object space 42496K, 26% used [0x00000000c3400000,0x00000000c3f0d358,0x00000000c5d80000)
 Metaspace       used 20397K, capacity 21290K, committed 21552K, reserved 1069056K
  class space    used 2632K, capacity 2854K, committed 2864K, reserved 1048576K
}
Event: 23,267 GC heap before
{Heap before GC invocations=5 (full 0):
 PSYoungGen      total 34304K, used 31340K [0x00000000ebc00000, 0x00000000ee000000, 0x0000000100000000)
  eden space 31744K, 90% used [0x00000000ebc00000,0x00000000ed820228,0x00000000edb00000)
  from space 2560K, 99% used [0x00000000edd80000,0x00000000edffb080,0x00000000ee000000)
  to   space 2560K, 0% used [0x00000000edb00000,0x00000000edb00000,0x00000000edd80000)
 ParOldGen       total 42496K, used 11316K [0x00000000c3400000, 0x00000000c5d80000, 0x00000000ebc00000)
  object space 42496K, 26% used [0x00000000c3400000,0x00000000c3f0d358,0x00000000c5d80000)
 Metaspace       used 20704K, capacity 21594K, committed 21628K, reserved 1069056K
  class space    used 2654K, capacity 2864K, committed 2864K, reserved 1048576K

